
=================================================================
	Native Crash Reporting
=================================================================
Got a SIGABRT while executing native code. This usually indicates
a fatal error in the mono runtime or one of the native libraries 
used by your application.
=================================================================

=================================================================
	Native stacktrace:
=================================================================
	0x10c668d35 - /Users/jasonsammon/Library/Developer/CoreSimulator/Devices/9BCDD497-995C-46E4-BC5C-E7B2683F165D/data/Containers/Bundle/Application/D32FF469-54A7-4221-A37E-A6D812DED040/MasterDetailPageNavigationiOS.app/Frameworks/Mono.framework/Mono : mono_dump_native_crash_info
	0x10c6095f5 - /Users/jasonsammon/Library/Developer/CoreSimulator/Devices/9BCDD497-995C-46E4-BC5C-E7B2683F165D/data/Containers/Bundle/Application/D32FF469-54A7-4221-A37E-A6D812DED040/MasterDetailPageNavigationiOS.app/Frameworks/Mono.framework/Mono : mono_handle_native_crash
	0x10c6682d1 - /Users/jasonsammon/Library/Developer/CoreSimulator/Devices/9BCDD497-995C-46E4-BC5C-E7B2683F165D/data/Containers/Bundle/Application/D32FF469-54A7-4221-A37E-A6D812DED040/MasterDetailPageNavigationiOS.app/Frameworks/Mono.framework/Mono : sigabrt_signal_handler
	0x7fff5245b42d - /Applications/Xcode.app/Contents/Developer/Platforms/iPhoneOS.platform/Library/Developer/CoreSimulator/Profiles/Runtimes/iOS.simruntime/Contents/Resources/RuntimeRoot/usr/lib/system/libsystem_platform.dylib : _sigtramp
	0x10c4bde62 - Unknown
	0x7fff5234ba5c - /Applications/Xcode.app/Contents/Developer/Platforms/iPhoneOS.platform/Library/Developer/CoreSimulator/Profiles/Runtimes/iOS.simruntime/Contents/Resources/RuntimeRoot/usr/lib/system/libsystem_c.dylib : abort
	0x10c0b8b7f - /Users/jasonsammon/Library/Developer/CoreSimulator/Devices/9BCDD497-995C-46E4-BC5C-E7B2683F165D/data/Containers/Bundle/Application/D32FF469-54A7-4221-A37E-A6D812DED040/MasterDetailPageNavigationiOS.app/MasterDetailPageNavigationiOS : xamarin_unhandled_exception_handler.cold.1
	0x10c059429 - /Users/jasonsammon/Library/Developer/CoreSimulator/Devices/9BCDD497-995C-46E4-BC5C-E7B2683F165D/data/Containers/Bundle/Application/D32FF469-54A7-4221-A37E-A6D812DED040/MasterDetailPageNavigationiOS.app/MasterDetailPageNavigationiOS : xamarin_unhandled_exception_handler
	0x10c701d77 - /Users/jasonsammon/Library/Developer/CoreSimulator/Devices/9BCDD497-995C-46E4-BC5C-E7B2683F165D/data/Containers/Bundle/Application/D32FF469-54A7-4221-A37E-A6D812DED040/MasterDetailPageNavigationiOS.app/Frameworks/Mono.framework/Mono : mono_invoke_unhandled_exception_hook
	0x10c608f95 - /Users/jasonsammon/Library/Developer/CoreSimulator/Devices/9BCDD497-995C-46E4-BC5C-E7B2683F165D/data/Containers/Bundle/Application/D32FF469-54A7-4221-A37E-A6D812DED040/MasterDetailPageNavigationiOS.app/Frameworks/Mono.framework/Mono : mono_handle_exception_internal
	0x10c607409 - /Users/jasonsammon/Library/Developer/CoreSimulator/Devices/9BCDD497-995C-46E4-BC5C-E7B2683F165D/data/Containers/Bundle/Application/D32FF469-54A7-4221-A37E-A6D812DED040/MasterDetailPageNavigationiOS.app/Frameworks/Mono.framework/Mono : mono_handle_exception
	0x10c662bbf - /Users/jasonsammon/Library/Developer/CoreSimulator/Devices/9BCDD497-995C-46E4-BC5C-E7B2683F165D/data/Containers/Bundle/Application/D32FF469-54A7-4221-A37E-A6D812DED040/MasterDetailPageNavigationiOS.app/Frameworks/Mono.framework/Mono : mono_amd64_throw_exception
	0x10e7be5b0 - Unknown
	0x10c059254 - /Users/jasonsammon/Library/Developer/CoreSimulator/Devices/9BCDD497-995C-46E4-BC5C-E7B2683F165D/data/Containers/Bundle/Application/D32FF469-54A7-4221-A37E-A6D812DED040/MasterDetailPageNavigationiOS.app/MasterDetailPageNavigationiOS : xamarin_process_managed_exception
	0x10c060627 - /Users/jasonsammon/Library/Developer/CoreSimulator/Devices/9BCDD497-995C-46E4-BC5C-E7B2683F165D/data/Containers/Bundle/Application/D32FF469-54A7-4221-A37E-A6D812DED040/MasterDetailPageNavigationiOS.app/MasterDetailPageNavigationiOS : xamarin_invoke_trampoline
	0x10c061954 - /Users/jasonsammon/Library/Developer/CoreSimulator/Devices/9BCDD497-995C-46E4-BC5C-E7B2683F165D/data/Containers/Bundle/Application/D32FF469-54A7-4221-A37E-A6D812DED040/MasterDetailPageNavigationiOS.app/MasterDetailPageNavigationiOS : xamarin_arch_trampoline
	0x10c06231e - /Users/jasonsammon/Library/Developer/CoreSimulator/Devices/9BCDD497-995C-46E4-BC5C-E7B2683F165D/data/Containers/Bundle/Application/D32FF469-54A7-4221-A37E-A6D812DED040/MasterDetailPageNavigationiOS.app/MasterDetailPageNavigationiOS : xamarin_x86_64_common_trampoline
	0x10bf8e1ef - /Users/jasonsammon/Library/Developer/CoreSimulator/Devices/9BCDD497-995C-46E4-BC5C-E7B2683F165D/data/Containers/Bundle/Application/D32FF469-54A7-4221-A37E-A6D812DED040/MasterDetailPageNavigationiOS.app/MasterDetailPageNavigationiOS : -[OneSignalAppDelegate oneSignalApplicationDidBecomeActive:]
	0x7fff4808878d - /Applications/Xcode.app/Contents/Developer/Platforms/iPhoneOS.platform/Library/Developer/CoreSimulator/Profiles/Runtimes/iOS.simruntime/Contents/Resources/RuntimeRoot/System/Library/PrivateFrameworks/UIKitCore.framework/UIKitCore : -[UIApplication _stopDeactivatingForReason:]
	0x7fff477c5d1a - /Applications/Xcode.app/Contents/Developer/Platforms/iPhoneOS.platform/Library/Developer/CoreSimulator/Profiles/Runtimes/iOS.simruntime/Contents/Resources/RuntimeRoot/System/Library/PrivateFrameworks/UIKitCore.framework/UIKitCore : -[_UISceneLifecycleMultiplexer _performBlock:withApplicationOfDeactivationReasons:fromReasons:]
	0x7fff477c60ac - /Applications/Xcode.app/Contents/Developer/Platforms/iPhoneOS.platform/Library/Developer/CoreSimulator/Profiles/Runtimes/iOS.simruntime/Contents/Resources/RuntimeRoot/System/Library/PrivateFrameworks/UIKitCore.framework/UIKitCore : -[_UISceneLifecycleMultiplexer _evalTransitionToSettings:fromSettings:forceExit:withTransitionStore:]
	0x7fff477c5941 - /Applications/Xcode.app/Contents/Developer/Platforms/iPhoneOS.platform/Library/Developer/CoreSimulator/Profiles/Runtimes/iOS.simruntime/Contents/Resources/RuntimeRoot/System/Library/PrivateFrameworks/UIKitCore.framework/UIKitCore : -[_UISceneLifecycleMultiplexer uiScene:transitionedFromState:withTransitionContext:]
	0x7fff477c9f3f - /Applications/Xcode.app/Contents/Developer/Platforms/iPhoneOS.platform/Library/Developer/CoreSimulator/Profiles/Runtimes/iOS.simruntime/Contents/Resources/RuntimeRoot/System/Library/PrivateFrameworks/UIKitCore.framework/UIKitCore : __186-[_UIWindowSceneFBSSceneTransitionContextDrivenLifecycleSettingsDiffAction _performActionsForUIScene:withUpdatedFBSScene:settingsDiff:fromSettings:transitionContext:lifecycleActionType:]_block_invoke_2
	0x7fff47bd8c83 - /Applications/Xcode.app/Contents/Developer/Platforms/iPhoneOS.platform/Library/Developer/CoreSimulator/Profiles/Runtimes/iOS.simruntime/Contents/Resources/RuntimeRoot/System/Library/PrivateFrameworks/UIKitCore.framework/UIKitCore : +[BSAnimationSettings(UIKit) tryAnimatingWithSettings:actions:completion:]
	0x7fff47cd2dff - /Applications/Xcode.app/Contents/Developer/Platforms/iPhoneOS.platform/Library/Developer/CoreSimulator/Profiles/Runtimes/iOS.simruntime/Contents/Resources/RuntimeRoot/System/Library/PrivateFrameworks/UIKitCore.framework/UIKitCore : _UISceneSettingsDiffActionPerformChangesWithTransitionContext
	0x7fff477c9c5a - /Applications/Xcode.app/Contents/Developer/Platforms/iPhoneOS.platform/Library/Developer/CoreSimulator/Profiles/Runtimes/iOS.simruntime/Contents/Resources/RuntimeRoot/System/Library/PrivateFrameworks/UIKitCore.framework/UIKitCore : __186-[_UIWindowSceneFBSSceneTransitionContextDrivenLifecycleSettingsDiffAction _performActionsForUIScene:withUpdatedFBSScene:settingsDiff:fromSettings:transitionContext:lifecycleActionType:]_block_invoke
	0x7fff47cd2d02 - /Applications/Xcode.app/Contents/Developer/Platforms/iPhoneOS.platform/Library/Developer/CoreSimulator/Profiles/Runtimes/iOS.simruntime/Contents/Resources/RuntimeRoot/System/Library/PrivateFrameworks/UIKitCore.framework/UIKitCore : _UISceneSettingsDiffActionPerformActionsWithDelayForTransitionContext
	0x7fff477c9ac8 - /Applications/Xcode.app/Contents/Developer/Platforms/iPhoneOS.platform/Library/Developer/CoreSimulator/Profiles/Runtimes/iOS.simruntime/Contents/Resources/RuntimeRoot/System/Library/PrivateFrameworks/UIKitCore.framework/UIKitCore : -[_UIWindowSceneFBSSceneTransitionContextDrivenLifecycleSettingsDiffAction _performActionsForUIScene:withUpdatedFBSScene:settingsDiff:fromSettings:transitionContext:lifecycleActionType:]
	0x7fff476206e7 - /Applications/Xcode.app/Contents/Developer/Platforms/iPhoneOS.platform/Library/Developer/CoreSimulator/Profiles/Runtimes/iOS.simruntime/Contents/Resources/RuntimeRoot/System/Library/PrivateFrameworks/UIKitCore.framework/UIKitCore : __64-[UIScene scene:didUpdateWithDiff:transitionContext:completion:]_block_invoke
	0x7fff4761f26c - /Applications/Xcode.app/Contents/Developer/Platforms/iPhoneOS.platform/Library/Developer/CoreSimulator/Profiles/Runtimes/iOS.simruntime/Contents/Resources/RuntimeRoot/System/Library/PrivateFrameworks/UIKitCore.framework/UIKitCore : -[UIScene _emitSceneSettingsUpdateResponseForCompletion:afterSceneUpdateWork:]
	0x7fff47620411 - /Applications/Xcode.app/Contents/Developer/Platforms/iPhoneOS.platform/Library/Developer/CoreSimulator/Profiles/Runtimes/iOS.simruntime/Contents/Resources/RuntimeRoot/System/Library/PrivateFrameworks/UIKitCore.framework/UIKitCore : -[UIScene scene:didUpdateWithDiff:transitionContext:completion:]
	0x7fff47bfac66 - /Applications/Xcode.app/Contents/Developer/Platforms/iPhoneOS.platform/Library/Developer/CoreSimulator/Profiles/Runtimes/iOS.simruntime/Contents/Resources/RuntimeRoot/System/Library/PrivateFrameworks/UIKitCore.framework/UIKitCore : -[UIApplicationSceneClientAgent scene:handleEvent:withCompletion:]
	0x7fff365d6c07 - /Applications/Xcode.app/Contents/Developer/Platforms/iPhoneOS.platform/Library/Developer/CoreSimulator/Profiles/Runtimes/iOS.simruntime/Contents/Resources/RuntimeRoot/System/Library/PrivateFrameworks/FrontBoardServices.framework/FrontBoardServices : -[FBSSceneImpl updater:didUpdateSettings:withDiff:transitionContext:completion:]
	0x7fff365fc99f - /Applications/Xcode.app/Contents/Developer/Platforms/iPhoneOS.platform/Library/Developer/CoreSimulator/Profiles/Runtimes/iOS.simruntime/Contents/Resources/RuntimeRoot/System/Library/PrivateFrameworks/FrontBoardServices.framework/FrontBoardServices : __88-[FBSWorkspaceScenesClient sceneID:updateWithSettingsDiff:transitionContext:completion:]_block_invoke_2
	0x7fff365e0c45 - /Applications/Xcode.app/Contents/Developer/Platforms/iPhoneOS.platform/Library/Developer/CoreSimulator/Profiles/Runtimes/iOS.simruntime/Contents/Resources/RuntimeRoot/System/Library/PrivateFrameworks/FrontBoardServices.framework/FrontBoardServices : -[FBSWorkspace _calloutQueue_executeCalloutFromSource:withBlock:]
	0x7fff365fc8dc - /Applications/Xcode.app/Contents/Developer/Platforms/iPhoneOS.platform/Library/Developer/CoreSimulator/Profiles/Runtimes/iOS.simruntime/Contents/Resources/RuntimeRoot/System/Library/PrivateFrameworks/FrontBoardServices.framework/FrontBoardServices : __88-[FBSWorkspaceScenesClient sceneID:updateWithSettingsDiff:transitionContext:completion:]_block_invoke
	0x7fff5223f7b9 - /Applications/Xcode.app/Contents/Developer/Platforms/iPhoneOS.platform/Library/Developer/CoreSimulator/Profiles/Runtimes/iOS.simruntime/Contents/Resources/RuntimeRoot/usr/lib/system/libdispatch.dylib : _dispatch_client_callout
	0x7fff522421d1 - /Applications/Xcode.app/Contents/Developer/Platforms/iPhoneOS.platform/Library/Developer/CoreSimulator/Profiles/Runtimes/iOS.simruntime/Contents/Resources/RuntimeRoot/usr/lib/system/libdispatch.dylib : _dispatch_block_invoke_direct
	0x7fff3662237e - /Applications/Xcode.app/Contents/Developer/Platforms/iPhoneOS.platform/Library/Developer/CoreSimulator/Profiles/Runtimes/iOS.simruntime/Contents/Resources/RuntimeRoot/System/Library/PrivateFrameworks/FrontBoardServices.framework/FrontBoardServices : __FBSSERIALQUEUE_IS_CALLING_OUT_TO_A_BLOCK__
	0x7fff3662206c - /Applications/Xcode.app/Contents/Developer/Platforms/iPhoneOS.platform/Library/Developer/CoreSimulator/Profiles/Runtimes/iOS.simruntime/Contents/Resources/RuntimeRoot/System/Library/PrivateFrameworks/FrontBoardServices.framework/FrontBoardServices : -[FBSSerialQueue _queue_performNextIfPossible]
	0x7fff3662257b - /Applications/Xcode.app/Contents/Developer/Platforms/iPhoneOS.platform/Library/Developer/CoreSimulator/Profiles/Runtimes/iOS.simruntime/Contents/Resources/RuntimeRoot/System/Library/PrivateFrameworks/FrontBoardServices.framework/FrontBoardServices : -[FBSSerialQueue _performNextFromRunLoopSource]
	0x7fff23bd4471 - /Applications/Xcode.app/Contents/Developer/Platforms/iPhoneOS.platform/Library/Developer/CoreSimulator/Profiles/Runtimes/iOS.simruntime/Contents/Resources/RuntimeRoot/System/Library/Frameworks/CoreFoundation.framework/CoreFoundation : __CFRUNLOOP_IS_CALLING_OUT_TO_A_SOURCE0_PERFORM_FUNCTION__
	0x7fff23bd439c - /Applications/Xcode.app/Contents/Developer/Platforms/iPhoneOS.platform/Library/Developer/CoreSimulator/Profiles/Runtimes/iOS.simruntime/Contents/Resources/RuntimeRoot/System/Library/Frameworks/CoreFoundation.framework/CoreFoundation : __CFRunLoopDoSource0
	0x7fff23bd3bcc - /Applications/Xcode.app/Contents/Developer/Platforms/iPhoneOS.platform/Library/Developer/CoreSimulator/Profiles/Runtimes/iOS.simruntime/Contents/Resources/RuntimeRoot/System/Library/Frameworks/CoreFoundation.framework/CoreFoundation : __CFRunLoopDoSources0
	0x7fff23bce87f - /Applications/Xcode.app/Contents/Developer/Platforms/iPhoneOS.platform/Library/Developer/CoreSimulator/Profiles/Runtimes/iOS.simruntime/Contents/Resources/RuntimeRoot/System/Library/Frameworks/CoreFoundation.framework/CoreFoundation : __CFRunLoopRun
	0x7fff23bce066 - /Applications/Xcode.app/Contents/Developer/Platforms/iPhoneOS.platform/Library/Developer/CoreSimulator/Profiles/Runtimes/iOS.simruntime/Contents/Resources/RuntimeRoot/System/Library/Frameworks/CoreFoundation.framework/CoreFoundation : CFRunLoopRunSpecific
	0x7fff384c0bb0 - /Applications/Xcode.app/Contents/Developer/Platforms/iPhoneOS.platform/Library/Developer/CoreSimulator/Profiles/Runtimes/iOS.simruntime/Contents/Resources/RuntimeRoot/System/Library/PrivateFrameworks/GraphicsServices.framework/GraphicsServices : GSEventRunModal
	0x7fff48092d4d - /Applications/Xcode.app/Contents/Developer/Platforms/iPhoneOS.platform/Library/Developer/CoreSimulator/Profiles/Runtimes/iOS.simruntime/Contents/Resources/RuntimeRoot/System/Library/PrivateFrameworks/UIKitCore.framework/UIKitCore : UIApplicationMain
	0x111369bc4 - Unknown
	0x111369a33 - Unknown
	0x111365893 - Unknown
	0x10c56d7f5 - /Users/jasonsammon/Library/Developer/CoreSimulator/Devices/9BCDD497-995C-46E4-BC5C-E7B2683F165D/data/Containers/Bundle/Application/D32FF469-54A7-4221-A37E-A6D812DED040/MasterDetailPageNavigationiOS.app/Frameworks/Mono.framework/Mono : mono_jit_runtime_invoke
	0x10c7684c7 - /Users/jasonsammon/Library/Developer/CoreSimulator/Devices/9BCDD497-995C-46E4-BC5C-E7B2683F165D/data/Containers/Bundle/Application/D32FF469-54A7-4221-A37E-A6D812DED040/MasterDetailPageNavigationiOS.app/Frameworks/Mono.framework/Mono : mono_runtime_invoke_checked
	0x10c76e94c - /Users/jasonsammon/Library/Developer/CoreSimulator/Devices/9BCDD497-995C-46E4-BC5C-E7B2683F165D/data/Containers/Bundle/Application/D32FF469-54A7-4221-A37E-A6D812DED040/MasterDetailPageNavigationiOS.app/Frameworks/Mono.framework/Mono : mono_runtime_exec_main_checked
	0x10c5c8ba2 - /Users/jasonsammon/Library/Developer/CoreSimulator/Devices/9BCDD497-995C-46E4-BC5C-E7B2683F165D/data/Containers/Bundle/Application/D32FF469-54A7-4221-A37E-A6D812DED040/MasterDetailPageNavigationiOS.app/Frameworks/Mono.framework/Mono : mono_jit_exec
	0x10c0614cd - /Users/jasonsammon/Library/Developer/CoreSimulator/Devices/9BCDD497-995C-46E4-BC5C-E7B2683F165D/data/Containers/Bundle/Application/D32FF469-54A7-4221-A37E-A6D812DED040/MasterDetailPageNavigationiOS.app/MasterDetailPageNavigationiOS : xamarin_main
	0x10c04aa37 - /Users/jasonsammon/Library/Developer/CoreSimulator/Devices/9BCDD497-995C-46E4-BC5C-E7B2683F165D/data/Containers/Bundle/Application/D32FF469-54A7-4221-A37E-A6D812DED040/MasterDetailPageNavigationiOS.app/MasterDetailPageNavigationiOS : main
	0x7fff5227ec25 - /Applications/Xcode.app/Contents/Developer/Platforms/iPhoneOS.platform/Library/Developer/CoreSimulator/Profiles/Runtimes/iOS.simruntime/Contents/Resources/RuntimeRoot/usr/lib/system/libdyld.dylib : start

=================================================================
	Basic Fault Address Reporting
=================================================================
Memory around native instruction pointer (0x7fff523bc7fa):0x7fff523bc7ea  ff ff c3 90 90 90 b8 48 01 00 02 49 89 ca 0f 05  .......H...I....
0x7fff523bc7fa  73 08 48 89 c7 e9 85 a2 ff ff c3 90 90 90 b8 53  s.H............S
0x7fff523bc80a  00 00 02 49 89 ca 0f 05 73 08 48 89 c7 e9 6d a2  ...I....s.H...m.
0x7fff523bc81a  ff ff c3 90 90 90 b8 83 01 00 02 49 89 ca 0f 05  ...........I....

=================================================================
	Managed Stacktrace:
=================================================================
=================================================================
